<?xml version="1.0" encoding="UTF-8"?>
<testng-results skipped="0" failed="0" total="1" passed="1">
  <reporter-output>
  </reporter-output>
  <suite name="TestAll" duration-ms="6873" started-at="2017-11-05T09:51:39Z" finished-at="2017-11-05T09:51:46Z">
    <groups>
    </groups>
    <test name="case1" duration-ms="6873" started-at="2017-11-05T09:51:39Z" finished-at="2017-11-05T09:51:46Z">
      <class name="com.guoya.TestngCase_test">
        <test-method status="PASS" signature="openChrome()[pri:0, instance:com.guoya.TestngCase_test@62b9f149]" name="openChrome" is-config="true" duration-ms="5691" started-at="2017-11-05T17:51:39Z" finished-at="2017-11-05T17:51:45Z">
          <reporter-output>
          </reporter-output>
        </test-method> <!-- openChrome -->
        <test-method status="PASS" signature="testLogin()[pri:0, instance:com.guoya.TestngCase_test@62b9f149]" name="testLogin" duration-ms="15" started-at="2017-11-05T17:51:45Z" finished-at="2017-11-05T17:51:45Z">
          <reporter-output>
          </reporter-output>
        </test-method> <!-- testLogin -->
        <test-method status="PASS" signature="quitChrome()[pri:0, instance:com.guoya.TestngCase_test@62b9f149]" name="quitChrome" is-config="true" duration-ms="1151" started-at="2017-11-05T17:51:45Z" finished-at="2017-11-05T17:51:46Z">
          <reporter-output>
          </reporter-output>
        </test-method> <!-- quitChrome -->
      </class> <!-- com.guoya.TestngCase_test -->
    </test> <!-- case1 -->
  </suite> <!-- TestAll -->
</testng-results>
